Release 14.5 - xst P.58f (nt64)
Copyright (c) 1995-2012 Xilinx, Inc.  All rights reserved.
--> Parameter TMPDIR set to xst/projnav.tmp


Total REAL time to Xst completion: 2.00 secs
Total CPU time to Xst completion: 2.84 secs
 
--> Parameter xsthdpdir set to xst


Total REAL time to Xst completion: 2.00 secs
Total CPU time to Xst completion: 2.84 secs
 
--> Reading design: baseline_c5gx.prj

TABLE OF CONTENTS
  1) Synthesis Options Summary
  2) HDL Compilation
  3) Design Hierarchy Analysis
  4) HDL Analysis
  5) HDL Synthesis
     5.1) HDL Synthesis Report
  6) Advanced HDL Synthesis
     6.1) Advanced HDL Synthesis Report
  7) Low Level Synthesis
  8) Partition Report
  9) Final Report
	9.1) Device utilization summary
	9.2) Partition Resource Summary
	9.3) TIMING REPORT


=========================================================================
*                      Synthesis Options Summary                        *
=========================================================================
---- Source Parameters
Input File Name                    : "baseline_c5gx.prj"
Input Format                       : mixed
Ignore Synthesis Constraint File   : NO

---- Target Parameters
Output File Name                   : "baseline_c5gx"
Output Format                      : NGC
Target Device                      : xc3s100e-4-cp132

---- Source Options
Top Module Name                    : baseline_c5gx
Automatic FSM Extraction           : YES
FSM Encoding Algorithm             : Auto
Safe Implementation                : No
FSM Style                          : LUT
RAM Extraction                     : Yes
RAM Style                          : Auto
ROM Extraction                     : Yes
Mux Style                          : Auto
Decoder Extraction                 : YES
Priority Encoder Extraction        : Yes
Shift Register Extraction          : YES
Logical Shifter Extraction         : YES
XOR Collapsing                     : YES
ROM Style                          : Auto
Mux Extraction                     : Yes
Resource Sharing                   : YES
Asynchronous To Synchronous        : NO
Multiplier Style                   : Auto
Automatic Register Balancing       : No

---- Target Options
Add IO Buffers                     : YES
Global Maximum Fanout              : 500
Add Generic Clock Buffer(BUFG)     : 24
Register Duplication               : YES
Slice Packing                      : YES
Optimize Instantiated Primitives   : NO
Use Clock Enable                   : Yes
Use Synchronous Set                : Yes
Use Synchronous Reset              : Yes
Pack IO Registers into IOBs        : Auto
Equivalent register Removal        : YES

---- General Options
Optimization Goal                  : Speed
Optimization Effort                : 1
Keep Hierarchy                     : No
Netlist Hierarchy                  : As_Optimized
RTL Output                         : Yes
Global Optimization                : AllClockNets
Read Cores                         : YES
Write Timing Constraints           : NO
Cross Clock Analysis               : NO
Hierarchy Separator                : /
Bus Delimiter                      : <>
Case Specifier                     : Maintain
Slice Utilization Ratio            : 100
BRAM Utilization Ratio             : 100
Verilog 2001                       : YES
Auto BRAM Packing                  : NO
Slice Utilization Ratio Delta      : 5

=========================================================================


=========================================================================
*                          HDL Compilation                              *
=========================================================================
Compiling verilog file "baseline_c5gx.v" in library work
Module <baseline_c5gx> compiled
No errors in compilation
Analysis of file <"baseline_c5gx.prj"> succeeded.
 

=========================================================================
*                     Design Hierarchy Analysis                         *
=========================================================================
Analyzing hierarchy for module <baseline_c5gx> in library <work> with parameters.
	calculate = "10"
	defState = "11"
	takeFirst = "00"
	takeSecond = "01"


=========================================================================
*                            HDL Analysis                               *
=========================================================================
Analyzing top module <baseline_c5gx>.
	calculate = 2'b10
	defState = 2'b11
	takeFirst = 2'b00
	takeSecond = 2'b01
Module <baseline_c5gx> is correct for synthesis.
 

=========================================================================
*                           HDL Synthesis                               *
=========================================================================

Performing bidirectional port resolution...

Synthesizing Unit <baseline_c5gx>.
    Related source file is "baseline_c5gx.v".
    Found finite state machine <FSM_0> for signal <currentState>.
    -----------------------------------------------------------------------
    | States             | 4                                              |
    | Transitions        | 7                                              |
    | Inputs             | 2                                              |
    | Outputs            | 3                                              |
    | Clock              | clk                       (rising_edge)        |
    | Reset              | rst                       (negative)           |
    | Reset type         | synchronous                                    |
    | Reset State        | 11                                             |
    | Encoding           | automatic                                      |
    | Implementation     | LUT                                            |
    -----------------------------------------------------------------------
    Found 1-bit register for signal <buttonPrev>.
    Found 8-bit register for signal <leds>.
    Found 8-bit register for signal <numA>.
    Found 8-bit adder for signal <numA$add0000> created at line 47.
    Found 8-bit subtractor for signal <numA$addsub0000> created at line 64.
    Found 8-bit comparator equal for signal <numA$cmp_eq0002> created at line 63.
    Found 8-bit comparator greater for signal <numA$cmp_gt0000> created at line 64.
    Found 8-bit register for signal <numB>.
    Found 8-bit subtractor for signal <numB$addsub0000> created at line 65.
    Summary:
	inferred   1 Finite State Machine(s).
	inferred  25 D-type flip-flop(s).
	inferred   3 Adder/Subtractor(s).
	inferred   2 Comparator(s).
Unit <baseline_c5gx> synthesized.


=========================================================================
HDL Synthesis Report

Macro Statistics
# Adders/Subtractors                                   : 3
 8-bit adder                                           : 1
 8-bit subtractor                                      : 2
# Registers                                            : 4
 1-bit register                                        : 1
 8-bit register                                        : 3
# Comparators                                          : 2
 8-bit comparator equal                                : 1
 8-bit comparator greater                              : 1

=========================================================================

=========================================================================
*                       Advanced HDL Synthesis                          *
=========================================================================

Analyzing FSM <FSM_0> for best encoding.
Optimizing FSM <currentState/FSM> on signal <currentState[1:2]> with user encoding.
-------------------
 State | Encoding
-------------------
 00    | 00
 01    | 01
 10    | 10
 11    | 11
-------------------

=========================================================================
Advanced HDL Synthesis Report

Macro Statistics
# FSMs                                                 : 1
# Adders/Subtractors                                   : 3
 8-bit adder                                           : 1
 8-bit subtractor                                      : 2
# Registers                                            : 25
 Flip-Flops                                            : 25
# Comparators                                          : 2
 8-bit comparator equal                                : 1
 8-bit comparator greater                              : 1

=========================================================================

=========================================================================
*                         Low Level Synthesis                           *
=========================================================================

Optimizing unit <baseline_c5gx> ...

Mapping all equations...
Building and optimizing final netlist ...
Found area constraint ratio of 100 (+ 5) on block baseline_c5gx, actual ratio is 7.

Final Macro Processing ...

=========================================================================
Final Register Report

Macro Statistics
# Registers                                            : 27
 Flip-Flops                                            : 27

=========================================================================

=========================================================================
*                           Partition Report                            *
=========================================================================

Partition Implementation Status
-------------------------------

  No Partitions were found in this design.

-------------------------------

=========================================================================
*                            Final Report                               *
=========================================================================
Final Results
RTL Top Level Output File Name     : baseline_c5gx.ngr
Top Level Output File Name         : baseline_c5gx
Output Format                      : NGC
Optimization Goal                  : Speed
Keep Hierarchy                     : No

Design Statistics
# IOs                              : 19

Cell Usage :
# BELS                             : 174
#      LUT2                        : 35
#      LUT2_D                      : 2
#      LUT2_L                      : 15
#      LUT3                        : 11
#      LUT4                        : 57
#      LUT4_D                      : 7
#      LUT4_L                      : 5
#      MUXCY                       : 22
#      MUXF5                       : 3
#      VCC                         : 1
#      XORCY                       : 16
# FlipFlops/Latches                : 27
#      FDR                         : 1
#      FDRS                        : 24
#      FDS                         : 2
# Clock Buffers                    : 1
#      BUFGP                       : 1
# IO Buffers                       : 18
#      IBUF                        : 10
#      OBUF                        : 8
=========================================================================

Device utilization summary:
---------------------------

Selected Device : 3s100ecp132-4 

 Number of Slices:                       69  out of    960     7%  
 Number of Slice Flip Flops:             27  out of   1920     1%  
 Number of 4 input LUTs:                132  out of   1920     6%  
 Number of IOs:                          19
 Number of bonded IOBs:                  19  out of     83    22%  
 Number of GCLKs:                         1  out of     24     4%  

---------------------------
Partition Resource Summary:
---------------------------

  No Partitions were found in this design.

---------------------------


=========================================================================
TIMING REPORT

NOTE: THESE TIMING NUMBERS ARE ONLY A SYNTHESIS ESTIMATE.
      FOR ACCURATE TIMING INFORMATION PLEASE REFER TO THE TRACE REPORT
      GENERATED AFTER PLACE-and-ROUTE.

Clock Information:
------------------
-----------------------------------+------------------------+-------+
Clock Signal                       | Clock buffer(FF name)  | Load  |
-----------------------------------+------------------------+-------+
CLOCK_125_p                        | BUFGP                  | 27    |
-----------------------------------+------------------------+-------+

Asynchronous Control Signals Information:
----------------------------------------
No asynchronous control signals found in this design

Timing Summary:
---------------
Speed Grade: -4

   Minimum period: 7.995ns (Maximum Frequency: 125.078MHz)
   Minimum input arrival time before clock: 8.121ns
   Maximum output required time after clock: 4.394ns
   Maximum combinational path delay: No path found

Timing Detail:
--------------
All values displayed in nanoseconds (ns)

=========================================================================
Timing constraint: Default period analysis for Clock 'CLOCK_125_p'
  Clock period: 7.995ns (frequency: 125.078MHz)
  Total number of paths / destination ports: 2879 / 50
-------------------------------------------------------------------------
Delay:               7.995ns (Levels of Logic = 5)
  Source:            numA_3 (FF)
  Destination:       numB_0 (FF)
  Source Clock:      CLOCK_125_p rising
  Destination Clock: CLOCK_125_p rising

  Data Path: numA_3 to numB_0
                                Gate     Net
    Cell:in->out      fanout   Delay   Delay  Logical Name (Net Name)
    ----------------------------------------  ------------
     FDRS:C->Q             7   0.591   0.883  numA_3 (numA_3)
     LUT4_D:I0->O         10   0.704   0.917  numA_cmp_eq000012 (numA_cmp_eq000012)
     LUT3:I2->O            1   0.704   0.424  N3_SW1_SW0 (N63)
     LUT4:I3->O            4   0.704   0.591  N3_SW1 (N27)
     LUT4:I3->O            8   0.704   0.761  numB_mux0000<1>1 (N01)
     LUT4:I3->O            1   0.704   0.000  numB_mux0000<0>151 (numB_mux0000<0>15)
     FDRS:D                    0.308          numB_0
    ----------------------------------------
    Total                      7.995ns (4.419ns logic, 3.576ns route)
                                       (55.3% logic, 44.7% route)

=========================================================================
Timing constraint: Default OFFSET IN BEFORE for Clock 'CLOCK_125_p'
  Total number of paths / destination ports: 171 / 69
-------------------------------------------------------------------------
Offset:              8.121ns (Levels of Logic = 5)
  Source:            SW<0> (PAD)
  Destination:       numB_6 (FF)
  Destination Clock: CLOCK_125_p rising

  Data Path: SW<0> to numB_6
                                Gate     Net
    Cell:in->out      fanout   Delay   Delay  Logical Name (Net Name)
    ----------------------------------------  ------------
     IBUF:I->O             6   1.218   0.844  SW_0_IBUF (Madd_numA_add0000_lut<0>)
     LUT3:I0->O            5   0.704   0.668  Madd_numA_add0000_cy<2>11 (Madd_numA_add0000_cy<2>)
     LUT3:I2->O            4   0.704   0.622  Madd_numA_add0000_cy<4>11 (Madd_numA_add0000_cy<4>)
     LUT4:I2->O            2   0.704   0.622  numA_mux0000<6>11 (N12)
     LUT2:I0->O            1   0.704   0.420  numB_mux0000<6>0 (numB_mux0000<6>0)
     FDRS:S                    0.911          numB_6
    ----------------------------------------
    Total                      8.121ns (4.945ns logic, 3.176ns route)
                                       (60.9% logic, 39.1% route)

=========================================================================
Timing constraint: Default OFFSET OUT AFTER for Clock 'CLOCK_125_p'
  Total number of paths / destination ports: 8 / 8
-------------------------------------------------------------------------
Offset:              4.394ns (Levels of Logic = 1)
  Source:            leds_7 (FF)
  Destination:       LEDR<7> (PAD)
  Source Clock:      CLOCK_125_p rising

  Data Path: leds_7 to LEDR<7>
                                Gate     Net
    Cell:in->out      fanout   Delay   Delay  Logical Name (Net Name)
    ----------------------------------------  ------------
     FDRS:C->Q             3   0.591   0.531  leds_7 (leds_7)
     OBUF:I->O                 3.272          LEDR_7_OBUF (LEDR<7>)
    ----------------------------------------
    Total                      4.394ns (3.863ns logic, 0.531ns route)
                                       (87.9% logic, 12.1% route)

=========================================================================


Total REAL time to Xst completion: 11.00 secs
Total CPU time to Xst completion: 11.28 secs
 
--> 

Total memory usage is 4506712 kilobytes

Number of errors   :    0 (   0 filtered)
Number of warnings :    0 (   0 filtered)
Number of infos    :    0 (   0 filtered)

